<?xml version="1.0" encoding="UTF-8"?>
<!-- Generated by org.testng.reporters.JUnitReportReporter -->
<testsuite hostname="DESKTOP-3S3P68U" failures="0" tests="1" name="ProductTest.ProdTest" time="0.034" errors="0" timestamp="2025-06-07T21:19:18 IST" skipped="0">
  <testcase classname="ProductTest.ProdTest" name="setup" time="0.034"/>
</testsuite> <!-- ProductTest.ProdTest -->
